<?xml version="1.0" encoding="UTF-8"?>
<testng-results skipped="0" failed="0" ignored="0" total="1" passed="1">
  <reporter-output>
  </reporter-output>
  <suite name="Default suite" duration-ms="9844" started-at="2019-07-16T11:02:22Z" finished-at="2019-07-16T11:02:32Z">
    <groups>
    </groups>
    <test name="Default test" duration-ms="9844" started-at="2019-07-16T11:02:22Z" finished-at="2019-07-16T11:02:32Z">
      <class name="com.training.testjenkins.Login_Test">
        <test-method status="PASS" signature="beforeTest()[pri:0, instance:com.training.testjenkins.Login_Test@51081592]" name="beforeTest" is-config="true" duration-ms="7444" started-at="2019-07-16T16:32:22Z" finished-at="2019-07-16T16:32:30Z">
          <reporter-output>
          </reporter-output>
        </test-method> <!-- beforeTest -->
        <test-method status="PASS" signature="LoginTestCase()[pri:0, instance:com.training.testjenkins.Login_Test@51081592]" name="LoginTestCase" duration-ms="149" started-at="2019-07-16T16:32:30Z" finished-at="2019-07-16T16:32:30Z">
          <reporter-output>
          </reporter-output>
        </test-method> <!-- LoginTestCase -->
        <test-method status="PASS" signature="afterTest()[pri:0, instance:com.training.testjenkins.Login_Test@51081592]" name="afterTest" is-config="true" duration-ms="2228" started-at="2019-07-16T16:32:30Z" finished-at="2019-07-16T16:32:32Z">
          <reporter-output>
          </reporter-output>
        </test-method> <!-- afterTest -->
      </class> <!-- com.training.testjenkins.Login_Test -->
    </test> <!-- Default test -->
  </suite> <!-- Default suite -->
</testng-results>
